0 info it worked if it ends with ok
1 verbose cli [ 'C:\\Program Files\\nodejs\\node.exe',
1 verbose cli   'C:\\Users\\Isaac Murisa\\AppData\\Roaming\\npm\\node_modules\\npm\\bin\\npm-cli.js',
1 verbose cli   'start' ]
2 info using npm@4.0.2
3 info using node@v8.11.1
4 verbose run-script [ 'prestart', 'start', 'poststart' ]
5 info lifecycle skildes@2.0.1~prestart: skildes@2.0.1
6 silly lifecycle skildes@2.0.1~prestart: no script for prestart, continuing
7 info lifecycle skildes@2.0.1~start: skildes@2.0.1
8 verbose lifecycle skildes@2.0.1~start: unsafe-perm in lifecycle true
9 verbose lifecycle skildes@2.0.1~start: PATH: C:\Users\Isaac Murisa\AppData\Roaming\npm\node_modules\npm\bin\node-gyp-bin;D:\Documents 'D'\Skildes\node_modules\.bin;C:\Users\Isaac Murisa\bin;C:\Program Files\Git\mingw64\bin;C:\Program Files\Git\usr\local\bin;C:\Program Files\Git\usr\bin;C:\Program Files\Git\usr\bin;C:\Program Files\Git\mingw64\bin;C:\Program Files\Git\usr\bin;C:\Users\Isaac Murisa\bin;C:\Program Files (x86)\Common Files\Oracle\Java\javapath;C:\Program Files (x86)\Common Files\Intel\Shared Libraries\redist\intel64\compiler;C:\ProgramData\Oracle\Java\javapath;C:\Program Files (x86)\Intel\iCLS Client;C:\Program Files\Intel\iCLS Client;C:\Windows\system32;C:\Windows;C:\Windows\System32\Wbem;C:\Windows\System32\WindowsPowerShell\v1.0;C:\Program Files (x86)\NVIDIA Corporation\PhysX\Common;C:\Program Files (x86)\Intel\Intel(R) Management Engine Components\DAL;C:\Program Files\Intel\Intel(R) Management Engine Components\DAL;C:\Program Files (x86)\Intel\Intel(R) Management Engine Components\IPT;C:\Program Files\Intel\Intel(R) Management Engine Components\IPT;C:\WINDOWS\system32;C:\WINDOWS;C:\WINDOWS\System32\Wbem;C:\WINDOWS\System32\WindowsPowerShell\v1.0;D:\Matlab\runtime\win64;D:\Matlab\bin;C:\Program Files\Microsoft SQL Server\130\Tools\Binn;C:\Program Files\Git\cmd;C:\Program Files (x86)\Pandoc;C:\Program Files (x86)\Skype\Phone;C:\Program Files\Intel\WiFi\bin;C:\Program Files\Common Files\Intel\WirelessCommon;C:\Program Files\MySQL\MySQL Utilities 1.6;C:\Program Files\nodejs;C:\WINDOWS\System32\OpenSSH;D:\Applications\sdk\platforms;D:\Applications\sdk\platform-tools;C:\Program Files\MongoDB\Server\3.6\bin;D:\Applications\flutter\bin;D:\Applications\vscode\Microsoft VS Code\bin;C:\Program Files\Git\usr\bin\vendor_perl;C:\Program Files\Git\usr\bin\core_perl
10 verbose lifecycle skildes@2.0.1~start: CWD: D:\Documents 'D'\Skildes
11 silly lifecycle skildes@2.0.1~start: Args: [ '/d /s /c', 'node ./bin/www' ]
12 silly lifecycle skildes@2.0.1~start: Returned: code: 1  signal: null
13 info lifecycle skildes@2.0.1~start: Failed to exec start script
14 verbose stack Error: skildes@2.0.1 start: `node ./bin/www`
14 verbose stack Exit status 1
14 verbose stack     at EventEmitter.<anonymous> (C:\Users\Isaac Murisa\AppData\Roaming\npm\node_modules\npm\lib\utils\lifecycle.js:279:16)
14 verbose stack     at emitTwo (events.js:126:13)
14 verbose stack     at EventEmitter.emit (events.js:214:7)
14 verbose stack     at ChildProcess.<anonymous> (C:\Users\Isaac Murisa\AppData\Roaming\npm\node_modules\npm\lib\utils\spawn.js:40:14)
14 verbose stack     at emitTwo (events.js:126:13)
14 verbose stack     at ChildProcess.emit (events.js:214:7)
14 verbose stack     at maybeClose (internal/child_process.js:925:16)
14 verbose stack     at Process.ChildProcess._handle.onexit (internal/child_process.js:209:5)
15 verbose pkgid skildes@2.0.1
16 verbose cwd D:\Documents 'D'\Skildes
17 error Windows_NT 10.0.17134
18 error argv "C:\\Program Files\\nodejs\\node.exe" "C:\\Users\\Isaac Murisa\\AppData\\Roaming\\npm\\node_modules\\npm\\bin\\npm-cli.js" "start"
19 error node v8.11.1
20 error npm  v4.0.2
21 error code ELIFECYCLE
22 error skildes@2.0.1 start: `node ./bin/www`
22 error Exit status 1
23 error Failed at the skildes@2.0.1 start script 'node ./bin/www'.
23 error Make sure you have the latest version of node.js and npm installed.
23 error If you do, this is most likely a problem with the skildes package,
23 error not with npm itself.
23 error Tell the author that this fails on your system:
23 error     node ./bin/www
23 error You can get information on how to open an issue for this project with:
23 error     npm bugs skildes
23 error Or if that isn't available, you can get their info via:
23 error     npm owner ls skildes
23 error There is likely additional logging output above.
24 verbose exit [ 1, true ]
